<?xml version="1.0" encoding="UTF-8"?>
<testsuite xmlns:xsi="http://www.w3.org/2001/XMLSchema-instance" xsi:noNamespaceSchemaLocation="https://maven.apache.org/surefire/maven-surefire-plugin/xsd/surefire-test-report-3.0.xsd" version="3.0" name="com.tim.projectmanagement.ProjectManagmentApplicationTests" time="1.626" tests="1" errors="0" skipped="0" failures="0">
  <properties>
[...]
</properties>
  <testcase name="contextLoads" classname="com.tim.projectmanagement.ProjectManagmentApplicationTests" time="0.36">
    <system-out><![CDATA[2024-08-25T20:44:23.403+02:00  INFO 2096 --- [projectmanagement] [           main] t.c.s.AnnotationConfigContextLoaderUtils : Could not detect default configuration classes for test class [com.tim.projectmanagement.ProjectManagmentApplicationTests]: ProjectManagmentApplicationTests does not declare any static, non-private, non-final, nested classes annotated with @Configuration.
2024-08-25T20:44:23.406+02:00  INFO 2096 --- [projectmanagement] [           main] .b.t.c.SpringBootTestContextBootstrapper : Found @SpringBootConfiguration com.tim.projectmanagement.ProjectManagmentApplication for test class com.tim.projectmanagement.ProjectManagmentApplicationTests

  .   ____          _            __ _ _
 /\\ / ___'_ __ _ _(_)_ __  __ _ \ \ \ \
( ( )\___ | '_ | '_| | '_ \/ _` | \ \ \ \
 \\/  ___)| |_)| | | | | || (_| |  ) ) ) )
  '  |____| .__|_| |_|_| |_\__, | / / / /
 =========|_|==============|___/=/_/_/_/

 :: Spring Boot ::                (v3.3.2)

2024-08-25T20:44:23.429+02:00  INFO 2096 --- [projectmanagement] [           main] c.t.p.ProjectManagmentApplicationTests   : Starting ProjectManagmentApplicationTests using Java 17.0.11 with PID 2096 (started by timhartmann in /Users/timhartmann/Desktop/projectmanagement)
2024-08-25T20:44:23.429+02:00  INFO 2096 --- [projectmanagement] [           main] c.t.p.ProjectManagmentApplicationTests   : The following 1 profile is active: "dev"
2024-08-25T20:44:23.508+02:00  INFO 2096 --- [projectmanagement] [           main] .s.d.r.c.RepositoryConfigurationDelegate : Multiple Spring Data modules found, entering strict repository configuration mode
2024-08-25T20:44:23.508+02:00  INFO 2096 --- [projectmanagement] [           main] .s.d.r.c.RepositoryConfigurationDelegate : Bootstrapping Spring Data JDBC repositories in DEFAULT mode.
2024-08-25T20:44:23.514+02:00  INFO 2096 --- [projectmanagement] [           main] .s.d.r.c.RepositoryConfigurationDelegate : Finished Spring Data repository scanning in 5 ms. Found 0 JDBC repository interfaces.
2024-08-25T20:44:23.516+02:00  INFO 2096 --- [projectmanagement] [           main] .s.d.r.c.RepositoryConfigurationDelegate : Multiple Spring Data modules found, entering strict repository configuration mode
2024-08-25T20:44:23.516+02:00  INFO 2096 --- [projectmanagement] [           main] .s.d.r.c.RepositoryConfigurationDelegate : Bootstrapping Spring Data JPA repositories in DEFAULT mode.
2024-08-25T20:44:23.519+02:00  INFO 2096 --- [projectmanagement] [           main] .s.d.r.c.RepositoryConfigurationDelegate : Finished Spring Data repository scanning in 2 ms. Found 0 JPA repository interfaces.
2024-08-25T20:44:23.597+02:00  INFO 2096 --- [projectmanagement] [           main] o.hibernate.jpa.internal.util.LogHelper  : HHH000204: Processing PersistenceUnitInfo [name: default]
2024-08-25T20:44:23.628+02:00  INFO 2096 --- [projectmanagement] [           main] org.hibernate.Version                    : HHH000412: Hibernate ORM core version 6.5.2.Final
2024-08-25T20:44:23.650+02:00  INFO 2096 --- [projectmanagement] [           main] o.h.c.internal.RegionFactoryInitiator    : HHH000026: Second-level cache disabled
2024-08-25T20:44:23.803+02:00  INFO 2096 --- [projectmanagement] [           main] o.s.o.j.p.SpringPersistenceUnitInfo      : No LoadTimeWeaver setup: ignoring JPA class transformer
2024-08-25T20:44:23.824+02:00  INFO 2096 --- [projectmanagement] [           main] com.zaxxer.hikari.HikariDataSource       : HikariPool-2 - Starting...
2024-08-25T20:44:24.015+02:00  INFO 2096 --- [projectmanagement] [           main] com.zaxxer.hikari.pool.HikariPool        : HikariPool-2 - Added connection com.mysql.cj.jdbc.ConnectionImpl@cce92b5
2024-08-25T20:44:24.015+02:00  INFO 2096 --- [projectmanagement] [           main] com.zaxxer.hikari.HikariDataSource       : HikariPool-2 - Start completed.
2024-08-25T20:44:24.040+02:00  WARN 2096 --- [projectmanagement] [           main] org.hibernate.orm.deprecation            : HHH90000025: MySQL8Dialect does not need to be specified explicitly using 'hibernate.dialect' (remove the property setting and it will be selected by default)
2024-08-25T20:44:24.041+02:00  WARN 2096 --- [projectmanagement] [           main] org.hibernate.orm.deprecation            : HHH90000026: MySQL8Dialect has been deprecated; use org.hibernate.dialect.MySQLDialect instead
2024-08-25T20:44:24.193+02:00  INFO 2096 --- [projectmanagement] [           main] o.h.e.t.j.p.i.JtaPlatformInitiator       : HHH000489: No JTA platform available (set 'hibernate.transaction.jta.platform' to enable JTA platform integration)
2024-08-25T20:44:24.195+02:00  INFO 2096 --- [projectmanagement] [           main] j.LocalContainerEntityManagerFactoryBean : Initialized JPA EntityManagerFactory for persistence unit 'default'
2024-08-25T20:44:24.282+02:00  WARN 2096 --- [projectmanagement] [           main] JpaBaseConfiguration$JpaWebConfiguration : spring.jpa.open-in-view is enabled by default. Therefore, database queries may be performed during view rendering. Explicitly configure spring.jpa.open-in-view to disable this warning
2024-08-25T20:44:24.302+02:00  INFO 2096 --- [projectmanagement] [           main] r$InitializeUserDetailsManagerConfigurer : Global AuthenticationManager configured with UserDetailsService bean with name customUserDetailsService
2024-08-25T20:44:24.661+02:00  INFO 2096 --- [projectmanagement] [           main] c.t.p.ProjectManagmentApplicationTests   : Started ProjectManagmentApplicationTests in 1.249 seconds (process running for 2.843)
]]></system-out>
  </testcase>
</testsuite>